<?xml version="1.0" encoding="UTF-8"?>
<!-- Generated by org.testng.reporters.JUnitXMLReporter -->
<testsuite ignored="1" hostname="LAPTOP-2AN9EOLO" failures="0" tests="3" name="Test" time="28.144" errors="0" timestamp="2025-03-27T11:46:36 IST">
  <testcase classname="com.framework.test.AppTestClass" name="login" time="1.535"/>
  <testcase classname="com.framework.test.AppTestClass" name="login" time="2.605"/>
  <testcase classname="com.framework.test.AppTestClass" name="forgotPassword" time="1.431"/>
  <testcase classname="com.framework.test.AppTestClass" name="pageLogo" time="0.0">
    <ignored/>
  </testcase> <!-- pageLogo -->
</testsuite> <!-- Test -->
